<?xml version="1.0" encoding="UTF-8"?>
<testng-results ignored="0" total="2" passed="2" failed="0" skipped="0">
  <reporter-output>
  </reporter-output>
  <suite started-at="2025-05-22T17:01:19 IST" name="Git Operations" finished-at="2025-05-22T17:01:19 IST" duration-ms="252">
    <groups>
    </groups>
    <test started-at="2025-05-22T17:01:19 IST" name="Git Operations Test" finished-at="2025-05-22T17:01:19 IST" duration-ms="252">
      <class name="tests.gitTest">
        <test-method is-config="true" signature="cloneRepo()[pri:0, instance:tests.gitTest@5ddeb7cb]" started-at="2025-05-22T17:01:19 IST" name="cloneRepo" finished-at="2025-05-22T17:01:19 IST" duration-ms="13" status="PASS">
          <reporter-output>
          </reporter-output>
        </test-method> <!-- cloneRepo -->
        <test-method signature="addNewFile()[pri:1, instance:tests.gitTest@5ddeb7cb]" started-at="2025-05-22T17:01:19 IST" name="addNewFile" finished-at="2025-05-22T17:01:19 IST" duration-ms="92" status="PASS">
          <reporter-output>
          </reporter-output>
        </test-method> <!-- addNewFile -->
        <test-method signature="updateFile()[pri:2, instance:tests.gitTest@5ddeb7cb]" started-at="2025-05-22T17:01:19 IST" name="updateFile" finished-at="2025-05-22T17:01:19 IST" duration-ms="22" status="PASS">
          <reporter-output>
          </reporter-output>
        </test-method> <!-- updateFile -->
        <test-method is-config="true" signature="deleteFile()[pri:0, instance:tests.gitTest@5ddeb7cb]" started-at="2025-05-22T17:01:19 IST" name="deleteFile" finished-at="2025-05-22T17:01:19 IST" duration-ms="14" status="PASS">
          <reporter-output>
          </reporter-output>
        </test-method> <!-- deleteFile -->
      </class> <!-- tests.gitTest -->
    </test> <!-- Git Operations Test -->
  </suite> <!-- Git Operations -->
</testng-results>
