<?xml version="1.0" encoding="UTF-8"?>
<testsuite xmlns:xsi="http://www.w3.org/2001/XMLSchema-instance" xsi:noNamespaceSchemaLocation="https://maven.apache.org/surefire/maven-surefire-plugin/xsd/surefire-test-report.xsd" version="3.0.2" name="TestSuite" time="0.777" tests="2" errors="0" skipped="0" failures="0">
  <properties>
[...]
</properties>
  <testcase name="addNewFile" classname="tests.gitTest" time="0.174">
    <system-out><![CDATA[Allure result path: /home/yuvashree.m/IdeaProjects/seleniumJavaDemo/target/allure-results
Starting to add a new file...
[main b959e39] Add new filetestFileautomation.txt
 1 file changed, 1 insertion(+)
 create mode 100644 testFileautomation.txt
]]></system-out>
  </testcase>
  <testcase name="updateFile" classname="tests.gitTest" time="0.019">
    <system-out><![CDATA[Starting to update the file...
[main d807b22] Update filetestFileautomation.txt
 1 file changed, 1 insertion(+)
]]></system-out>
  </testcase>
</testsuite>